<?xml version="1.0" encoding="UTF-8"?>
<testsuite name="greeter.GreeterSpec" tests="1" skipped="0" failures="0" errors="0" timestamp="2020-10-09T02:44:20" hostname="nok2-test1" time="0.213">
  <properties/>
  <testcase name="Calling the entry point" classname="greeter.GreeterSpec" time="0.213"/>
  <system-out><![CDATA[]]></system-out>
  <system-err><![CDATA[]]></system-err>
</testsuite>
